Using pre-set license
Built from '2020.3/staging' branch; Version is '2020.3.9f1 (108be757e447) revision 1084391'; Using compiler version '192528614'; Build Type 'Release'
OS: 'Windows 10 Home Single Language; OS build 19043.1586; Version 2009; 64bit' Language: 'ru' Physical Memory: 11663 MB
BatchMode: 1, IsHumanControllingUs: 0, StartBugReporterOnCrash: 0, Is64bit: 1, IsPro: 0

 COMMAND LINE ARGUMENTS:
C:\Program Files\Unity\Hub\Editor\2019.4.24f1\Editor\Unity.exe
-adb2
-batchMode
-noUpm
-name
AssetImportWorker0
-projectPath
D:/unityD/GB/LocationGeneration/LocationGeneration/LocationGeneration
-logFile
Logs/AssetImportWorker0.log
-srvPort
58995
Successfully changed project path to: D:/unityD/GB/LocationGeneration/LocationGeneration/LocationGeneration
D:/unityD/GB/LocationGeneration/LocationGeneration/LocationGeneration
Using Asset Import Pipeline V2.
Refreshing native plugins compatible for Editor in 121.39 ms, found 1 plugins.
Preloading 0 native plugins for Editor in 0.00 ms.
Initialize engine version: 2020.3.9f1 (108be757e447)
[Subsystems] Discovering subsystems at path C:/Program Files/Unity/Hub/Editor/2019.4.24f1/Editor/Data/Resources/UnitySubsystems
[Subsystems] Discovering subsystems at path D:/unityD/GB/LocationGeneration/LocationGeneration/LocationGeneration/Assets
GfxDevice: creating device client; threaded=0
Direct3D:
    Version:  Direct3D 11.0 [level 11.1]
    Renderer: AMD Radeon R5 Graphics (ID=0x9874)
    Vendor:   
    VRAM:     5831 MB
    Driver:   27.20.1034.6
Initialize mono
Mono path[0] = 'C:/Program Files/Unity/Hub/Editor/2019.4.24f1/Editor/Data/Managed'
Mono path[1] = 'C:/Program Files/Unity/Hub/Editor/2019.4.24f1/Editor/Data/MonoBleedingEdge/lib/mono/unityjit'
Mono config path = 'C:/Program Files/Unity/Hub/Editor/2019.4.24f1/Editor/Data/MonoBleedingEdge/etc'
Using monoOptions --debugger-agent=transport=dt_socket,embedding=1,server=y,suspend=n,address=127.0.0.1:56292
Begin MonoManager ReloadAssembly
Registering precompiled unity dll's ...
Register platform support module: C:/Program Files/Unity/Hub/Editor/2019.4.24f1/Editor/Data/PlaybackEngines/MacStandaloneSupport/UnityEditor.OSXStandalone.Extensions.dll
Register platform support module: C:/Program Files/Unity/Hub/Editor/2019.4.24f1/Editor/Data/PlaybackEngines/WindowsStandaloneSupport/UnityEditor.WindowsStandalone.Extensions.dll
Register platform support module: C:/Program Files/Unity/Hub/Editor/2019.4.24f1/Editor/Data/PlaybackEngines/LinuxStandaloneSupport/UnityEditor.LinuxStandalone.Extensions.dll
Registered in 0.009725 seconds.
Native extension for LinuxStandalone target not found
Native extension for WindowsStandalone target not found
Native extension for OSXStandalone target not found
Refreshing native plugins compatible for Editor in 88.10 ms, found 1 plugins.
Preloading 0 native plugins for Editor in 0.00 ms.
Mono: successfully reloaded assembly
- Completed reload, in  3.790 seconds
Platform modules already initialized, skipping
Registering precompiled user dll's ...
Registered in 0.002262 seconds.
Begin MonoManager ReloadAssembly
Native extension for LinuxStandalone target not found
Native extension for WindowsStandalone target not found
Native extension for OSXStandalone target not found
Refreshing native plugins compatible for Editor in 84.77 ms, found 1 plugins.
Preloading 0 native plugins for Editor in 0.00 ms.
Mono: successfully reloaded assembly
- Completed reload, in  3.078 seconds
Platform modules already initialized, skipping
========================================================================
Worker process is ready to serve import requests
Launched and connected shader compiler UnityShaderCompiler.exe after 0.27 seconds
Refreshing native plugins compatible for Editor in 0.78 ms, found 1 plugins.
Preloading 0 native plugins for Editor in 0.00 ms.
Unloading 1808 Unused Serialized files (Serialized files now loaded: 0)
System memory in use before: 84.9 MB.
System memory in use after: 84.8 MB.

Unloading 24 unused Assets to reduce memory usage. Loaded Objects now: 2250.
Total: 5.992100 ms (FindLiveObjects: 0.688100 ms CreateObjectMapping: 0.347400 ms MarkObjects: 4.603800 ms  DeleteObjects: 0.348800 ms)

========================================================================
Received Import Request.
  path: Assets/Scripts
  artifactKey: Guid(c2c2935f23759e0499922f75f61fe397) Importer(815301076,1909f56bfc062723c751e8b465ee728b)
Start importing Assets/Scripts using Guid(c2c2935f23759e0499922f75f61fe397) Importer(815301076,1909f56bfc062723c751e8b465ee728b)  -> (artifact id: 'c21c1a0acac02046058752dac05575bc') in 0.014625 seconds
  Import took 0.179759 seconds .

========================================================================
Received Import Request.
  Time since last request: 6.535507 seconds.
  path: Assets
  artifactKey: Guid(00000000000000001000000000000000) Importer(815301076,1909f56bfc062723c751e8b465ee728b)
Start importing Assets using Guid(00000000000000001000000000000000) Importer(815301076,1909f56bfc062723c751e8b465ee728b)  -> (artifact id: '42d402b061de3733987d63b9cc3b64de') in 0.030776 seconds
  Import took 0.093210 seconds .

========================================================================
Received Import Request.
  Time since last request: 31.724390 seconds.
  path: Assets/Prefabs
  artifactKey: Guid(7128123bdd05fa64c85af1dbcc685cbd) Importer(815301076,1909f56bfc062723c751e8b465ee728b)
Start importing Assets/Prefabs using Guid(7128123bdd05fa64c85af1dbcc685cbd) Importer(815301076,1909f56bfc062723c751e8b465ee728b)  -> (artifact id: 'b147d673d23762bd621407c77542beb3') in 0.007437 seconds
  Import took 0.033788 seconds .

========================================================================
Received Import Request.
  Time since last request: 40.901525 seconds.
  path: Assets/Palette
  artifactKey: Guid(b0da6b73b3c6ef342ae4e7ed01d7a2ad) Importer(815301076,1909f56bfc062723c751e8b465ee728b)
Start importing Assets/Palette using Guid(b0da6b73b3c6ef342ae4e7ed01d7a2ad) Importer(815301076,1909f56bfc062723c751e8b465ee728b)  -> (artifact id: 'fa7e52533e5bd1309ba5142901d5d1e3') in 0.007114 seconds
  Import took 0.065979 seconds .

========================================================================
Received Import Request.
  Time since last request: 0.000976 seconds.
  path: Assets/Palette
  artifactKey: Guid(b0da6b73b3c6ef342ae4e7ed01d7a2ad) Importer(815301076,1909f56bfc062723c751e8b465ee728b)
Start importing Assets/Palette using Guid(b0da6b73b3c6ef342ae4e7ed01d7a2ad) Importer(815301076,1909f56bfc062723c751e8b465ee728b)  -> (artifact id: 'fa7e52533e5bd1309ba5142901d5d1e3') in 0.005080 seconds
  Import took 0.014776 seconds .

========================================================================
Received Import Request.
  Time since last request: 103.571946 seconds.
  path: Assets/New Folder
  artifactKey: Guid(9a01dc9898d968e43bd5ddcde7349e17) Importer(815301076,1909f56bfc062723c751e8b465ee728b)
Start importing Assets/New Folder using Guid(9a01dc9898d968e43bd5ddcde7349e17) Importer(815301076,1909f56bfc062723c751e8b465ee728b)  -> (artifact id: '612b8713d587337bb017b02ffc1fee59') in 0.010618 seconds
  Import took 0.018300 seconds .

========================================================================
Received Import Request.
  Time since last request: 18.185482 seconds.
  path: Assets/Pictures
  artifactKey: Guid(9a01dc9898d968e43bd5ddcde7349e17) Importer(815301076,1909f56bfc062723c751e8b465ee728b)
Start importing Assets/Pictures using Guid(9a01dc9898d968e43bd5ddcde7349e17) Importer(815301076,1909f56bfc062723c751e8b465ee728b)  -> (artifact id: 'f8b7c0d44fa197c0c950a4ae106dc3ed') in 0.005659 seconds
  Import took 0.068377 seconds .

========================================================================
Received Import Request.
  Time since last request: 346.158661 seconds.
  path: Assets/Pictures/BlackCrusaderUIscreenshot01-1920x1080-765786dbc4f77883a6ace988fdf1af04.jpg
  artifactKey: Guid(adab91a729669594eb6b6466c9e103f5) Importer(815301076,1909f56bfc062723c751e8b465ee728b)
Start importing Assets/Pictures/BlackCrusaderUIscreenshot01-1920x1080-765786dbc4f77883a6ace988fdf1af04.jpg using Guid(adab91a729669594eb6b6466c9e103f5) Importer(815301076,1909f56bfc062723c751e8b465ee728b)  -> (artifact id: 'e4cbb0649ce04dbd4eafd2aeae4b6844') in 0.333390 seconds
  Import took 0.376430 seconds .

========================================================================
Received Import Request.
  Time since last request: 549.871655 seconds.
  path: Assets/Pictures/BlackCrusaderUIscreenshot01-1920x1080.png
  artifactKey: Guid(e11a9104ea605b54bad69920c5f14858) Importer(815301076,1909f56bfc062723c751e8b465ee728b)
Start importing Assets/Pictures/BlackCrusaderUIscreenshot01-1920x1080.png using Guid(e11a9104ea605b54bad69920c5f14858) Importer(815301076,1909f56bfc062723c751e8b465ee728b)  -> (artifact id: '9d1d56376831296523612a0002ece6f2') in 0.089466 seconds
  Import took 0.151382 seconds .

========================================================================
Received Import Request.
  Time since last request: 85.443747 seconds.
  path: Assets/Pictures/BlackCrusaderUIscreenshot01-1920x1080.png
  artifactKey: Guid(e11a9104ea605b54bad69920c5f14858) Importer(815301076,1909f56bfc062723c751e8b465ee728b)
Start importing Assets/Pictures/BlackCrusaderUIscreenshot01-1920x1080.png using Guid(e11a9104ea605b54bad69920c5f14858) Importer(815301076,1909f56bfc062723c751e8b465ee728b)  -> (artifact id: 'a65be76cd868a1136a47065114553ccd') in 0.030481 seconds
  Import took 0.104465 seconds .

========================================================================
Received Import Request.
  Time since last request: 0.023616 seconds.
  path: Assets/Pictures/BlackCrusaderUIscreenshot01-1920x1080.png
  artifactKey: Guid(e11a9104ea605b54bad69920c5f14858) Importer(815301076,1909f56bfc062723c751e8b465ee728b)
Start importing Assets/Pictures/BlackCrusaderUIscreenshot01-1920x1080.png using Guid(e11a9104ea605b54bad69920c5f14858) Importer(815301076,1909f56bfc062723c751e8b465ee728b)  -> (artifact id: 'a65be76cd868a1136a47065114553ccd') in 0.061811 seconds
  Import took 0.069286 seconds .

========================================================================
Received Import Request.
  Time since last request: 677.125648 seconds.
  path: Assets/Pictures/BlackCrusaderUIscreenshot01-1920x1080.png
  artifactKey: Guid(e11a9104ea605b54bad69920c5f14858) Importer(815301076,1909f56bfc062723c751e8b465ee728b)
Start importing Assets/Pictures/BlackCrusaderUIscreenshot01-1920x1080.png using Guid(e11a9104ea605b54bad69920c5f14858) Importer(815301076,1909f56bfc062723c751e8b465ee728b)  -> (artifact id: '787725ec23a44d89870b0cb3e35d1de0') in 0.470776 seconds
  Import took 0.556940 seconds .

========================================================================
Received Import Request.
  Time since last request: 430.600254 seconds.
  path: Assets/Palette/graund.prefab
  artifactKey: Guid(9c5af28be7e57444789e698bb008f4f3) Importer(815301076,1909f56bfc062723c751e8b465ee728b)
Start importing Assets/Palette/graund.prefab using Guid(9c5af28be7e57444789e698bb008f4f3) Importer(815301076,1909f56bfc062723c751e8b465ee728b)  -> (artifact id: 'c99e9b1dac502a1e0cf4546ea93a0375') in 0.114200 seconds
  Import took 0.125677 seconds .

========================================================================
Received Import Request.
  Time since last request: 1.662079 seconds.
  path: Assets/Palette/Tails
  artifactKey: Guid(3ce6534e5ee52d34fb1e488485f417c4) Importer(815301076,1909f56bfc062723c751e8b465ee728b)
Start importing Assets/Palette/Tails using Guid(3ce6534e5ee52d34fb1e488485f417c4) Importer(815301076,1909f56bfc062723c751e8b465ee728b)  -> (artifact id: 'c9964299f6cc76bae8fbe49bd3a1c940') in 0.014108 seconds
  Import took 0.046345 seconds .

========================================================================
Received Import Request.
  Time since last request: 0.075023 seconds.
  path: Assets/Palette/Tails/BlackCrusaderUIscreenshot01-1920x1080_0.asset
  artifactKey: Guid(b05a69254530c0743b41e51022ad301d) Importer(815301076,1909f56bfc062723c751e8b465ee728b)
Start importing Assets/Palette/Tails/BlackCrusaderUIscreenshot01-1920x1080_0.asset using Guid(b05a69254530c0743b41e51022ad301d) Importer(815301076,1909f56bfc062723c751e8b465ee728b)  -> (artifact id: 'ea9aec08cb5d628c0e8bfbb5113e0504') in 0.319953 seconds
  Import took 0.431342 seconds .

========================================================================
Received Import Request.
  Time since last request: 0.001804 seconds.
  path: Assets/Palette/Tails/BlackCrusaderUIscreenshot01-1920x1080_16.asset
  artifactKey: Guid(71b4c6588503b7f4389078b89adb192d) Importer(815301076,1909f56bfc062723c751e8b465ee728b)
Start importing Assets/Palette/Tails/BlackCrusaderUIscreenshot01-1920x1080_16.asset using Guid(71b4c6588503b7f4389078b89adb192d) Importer(815301076,1909f56bfc062723c751e8b465ee728b)  -> (artifact id: '4c7a5318366a605e3cca30a499e53043') in 0.052909 seconds
  Import took 0.067281 seconds .

========================================================================
Received Import Request.
  Time since last request: 0.000737 seconds.
  path: Assets/Palette/Tails/BlackCrusaderUIscreenshot01-1920x1080_32.asset
  artifactKey: Guid(98db3e513eaf9b2418a6ffae4ee56cb7) Importer(815301076,1909f56bfc062723c751e8b465ee728b)
Start importing Assets/Palette/Tails/BlackCrusaderUIscreenshot01-1920x1080_32.asset using Guid(98db3e513eaf9b2418a6ffae4ee56cb7) Importer(815301076,1909f56bfc062723c751e8b465ee728b)  -> (artifact id: '51aea470b116482a50ddc35fdbdd0534') in 0.125411 seconds
  Import took 0.274481 seconds .

========================================================================
Received Import Request.
  Time since last request: 0.000768 seconds.
  path: Assets/Palette/Tails/BlackCrusaderUIscreenshot01-1920x1080_14.asset
  artifactKey: Guid(c83095aeeb853884ebf45d2cf938cad7) Importer(815301076,1909f56bfc062723c751e8b465ee728b)
Start importing Assets/Palette/Tails/BlackCrusaderUIscreenshot01-1920x1080_14.asset using Guid(c83095aeeb853884ebf45d2cf938cad7) Importer(815301076,1909f56bfc062723c751e8b465ee728b)  -> (artifact id: 'f9391a8b26b635032c42366539ef0303') in 0.207838 seconds
  Import took 0.311906 seconds .

========================================================================
Received Import Request.
  Time since last request: 0.003147 seconds.
  path: Assets/Palette/Tails/BlackCrusaderUIscreenshot01-1920x1080_19.asset
  artifactKey: Guid(e733cf6c3ce53124c8da97c8e4883a36) Importer(815301076,1909f56bfc062723c751e8b465ee728b)
Start importing Assets/Palette/Tails/BlackCrusaderUIscreenshot01-1920x1080_19.asset using Guid(e733cf6c3ce53124c8da97c8e4883a36) Importer(815301076,1909f56bfc062723c751e8b465ee728b)  -> (artifact id: '5711e444a97bc145c4afdcc204e0f4ba') in 0.079053 seconds
  Import took 0.165024 seconds .

========================================================================
Received Import Request.
  Time since last request: 0.001075 seconds.
  path: Assets/Palette/Tails/BlackCrusaderUIscreenshot01-1920x1080_12.asset
  artifactKey: Guid(2ef1115f14988644a96d95dfffc15aad) Importer(815301076,1909f56bfc062723c751e8b465ee728b)
Start importing Assets/Palette/Tails/BlackCrusaderUIscreenshot01-1920x1080_12.asset using Guid(2ef1115f14988644a96d95dfffc15aad) Importer(815301076,1909f56bfc062723c751e8b465ee728b)  -> (artifact id: 'dcea4944359ed03f6141b7786d623cbd') in 0.081465 seconds
  Import took 0.110131 seconds .

========================================================================
Received Import Request.
  Time since last request: 0.001135 seconds.
  path: Assets/Palette/Tails/BlackCrusaderUIscreenshot01-1920x1080_5.asset
  artifactKey: Guid(5b97125373ce6c64e853525f55fd4f00) Importer(815301076,1909f56bfc062723c751e8b465ee728b)
Start importing Assets/Palette/Tails/BlackCrusaderUIscreenshot01-1920x1080_5.asset using Guid(5b97125373ce6c64e853525f55fd4f00) Importer(815301076,1909f56bfc062723c751e8b465ee728b)  -> (artifact id: 'e059ccb332fa25aa82cf73755ddf2353') in 0.077319 seconds
  Import took 0.281283 seconds .

========================================================================
Received Import Request.
  Time since last request: 0.027757 seconds.
  path: Assets/Palette/Tails/BlackCrusaderUIscreenshot01-1920x1080_25.asset
  artifactKey: Guid(2022f52ec46723a45ad439b59f7ded38) Importer(815301076,1909f56bfc062723c751e8b465ee728b)
Start importing Assets/Palette/Tails/BlackCrusaderUIscreenshot01-1920x1080_25.asset using Guid(2022f52ec46723a45ad439b59f7ded38) Importer(815301076,1909f56bfc062723c751e8b465ee728b)  -> (artifact id: '5904f9e0964f04beaab192a082e6481b') in 0.126063 seconds
  Import took 0.253906 seconds .

========================================================================
Received Import Request.
  Time since last request: 0.001240 seconds.
  path: Assets/Palette/Tails/BlackCrusaderUIscreenshot01-1920x1080_23.asset
  artifactKey: Guid(0dc9d344378b1664c80aaec9239d37ea) Importer(815301076,1909f56bfc062723c751e8b465ee728b)
Start importing Assets/Palette/Tails/BlackCrusaderUIscreenshot01-1920x1080_23.asset using Guid(0dc9d344378b1664c80aaec9239d37ea) Importer(815301076,1909f56bfc062723c751e8b465ee728b)  -> (artifact id: '88ac57eb53195304c954355e975a49da') in 0.081640 seconds
  Import took 0.235182 seconds .

========================================================================
Received Import Request.
  Time since last request: 0.044471 seconds.
  path: Assets/Palette/Tails/BlackCrusaderUIscreenshot01-1920x1080_17.asset
  artifactKey: Guid(9b7bb692be0855441b89e49243049f5a) Importer(815301076,1909f56bfc062723c751e8b465ee728b)
Start importing Assets/Palette/Tails/BlackCrusaderUIscreenshot01-1920x1080_17.asset using Guid(9b7bb692be0855441b89e49243049f5a) Importer(815301076,1909f56bfc062723c751e8b465ee728b)  -> (artifact id: 'dc2a0618c1959ee04712bd91107879cf') in 0.473136 seconds
  Import took 0.560589 seconds .

========================================================================
Received Import Request.
  Time since last request: 0.000666 seconds.
  path: Assets/Palette/Tails/BlackCrusaderUIscreenshot01-1920x1080_26.asset
  artifactKey: Guid(380c04359254060499cd2b318368d10a) Importer(815301076,1909f56bfc062723c751e8b465ee728b)
Start importing Assets/Palette/Tails/BlackCrusaderUIscreenshot01-1920x1080_26.asset using Guid(380c04359254060499cd2b318368d10a) Importer(815301076,1909f56bfc062723c751e8b465ee728b)  -> (artifact id: '7e9983c4aa4a532d100e53b409400224') in 0.216795 seconds
  Import took 0.477540 seconds .

========================================================================
Received Import Request.
  Time since last request: 0.193467 seconds.
  path: Assets/Palette/Tails/BlackCrusaderUIscreenshot01-1920x1080_33.asset
  artifactKey: Guid(ba03fb8221268ed41b16ce20cce49264) Importer(815301076,1909f56bfc062723c751e8b465ee728b)
Start importing Assets/Palette/Tails/BlackCrusaderUIscreenshot01-1920x1080_33.asset using Guid(ba03fb8221268ed41b16ce20cce49264) Importer(815301076,1909f56bfc062723c751e8b465ee728b)  -> (artifact id: '94702d200728a5a7029055baded4fc63') in 0.237001 seconds
  Import took 0.445748 seconds .

========================================================================
Received Import Request.
  Time since last request: 0.001795 seconds.
  path: Assets/Palette/Tails/BlackCrusaderUIscreenshot01-1920x1080_15.asset
  artifactKey: Guid(8573ffab1e9e88c4da90f390edbdf467) Importer(815301076,1909f56bfc062723c751e8b465ee728b)
Start importing Assets/Palette/Tails/BlackCrusaderUIscreenshot01-1920x1080_15.asset using Guid(8573ffab1e9e88c4da90f390edbdf467) Importer(815301076,1909f56bfc062723c751e8b465ee728b)  -> (artifact id: '4cd6b36f052a4b813c3c553f1d7df3b0') in 0.782061 seconds
  Import took 0.873714 seconds .

========================================================================
Received Import Request.
  Time since last request: 0.035035 seconds.
  path: Assets/Palette/Tails/BlackCrusaderUIscreenshot01-1920x1080_1.asset
  artifactKey: Guid(5f8a24dd4d07b444fb646a2c00af25ea) Importer(815301076,1909f56bfc062723c751e8b465ee728b)
Start importing Assets/Palette/Tails/BlackCrusaderUIscreenshot01-1920x1080_1.asset using Guid(5f8a24dd4d07b444fb646a2c00af25ea) Importer(815301076,1909f56bfc062723c751e8b465ee728b)  -> (artifact id: '1403bc67baf813bca665fcba126f6541') in 0.363252 seconds
  Import took 0.439052 seconds .

========================================================================
Received Import Request.
  Time since last request: 0.000840 seconds.
  path: Assets/Palette/Tails/BlackCrusaderUIscreenshot01-1920x1080_8.asset
  artifactKey: Guid(5bb553ed240beae4795b10ccd0f3c6ab) Importer(815301076,1909f56bfc062723c751e8b465ee728b)
Start importing Assets/Palette/Tails/BlackCrusaderUIscreenshot01-1920x1080_8.asset using Guid(5bb553ed240beae4795b10ccd0f3c6ab) Importer(815301076,1909f56bfc062723c751e8b465ee728b)  -> (artifact id: '6102ad17551d52a11696b59fce37428c') in 0.090822 seconds
  Import took 0.121476 seconds .

========================================================================
Received Import Request.
  Time since last request: 0.001016 seconds.
  path: Assets/Palette/Tails/BlackCrusaderUIscreenshot01-1920x1080_1.asset
  artifactKey: Guid(5f8a24dd4d07b444fb646a2c00af25ea) Importer(815301076,1909f56bfc062723c751e8b465ee728b)
Start importing Assets/Palette/Tails/BlackCrusaderUIscreenshot01-1920x1080_1.asset using Guid(5f8a24dd4d07b444fb646a2c00af25ea) Importer(815301076,1909f56bfc062723c751e8b465ee728b)  -> (artifact id: '1403bc67baf813bca665fcba126f6541') in 0.123691 seconds
  Import took 0.138566 seconds .

========================================================================
Received Import Request.
  Time since last request: 0.000819 seconds.
  path: Assets/Palette/Tails/BlackCrusaderUIscreenshot01-1920x1080_22.asset
  artifactKey: Guid(41568f257bee23143bc1026cb13ca981) Importer(815301076,1909f56bfc062723c751e8b465ee728b)
Start importing Assets/Palette/Tails/BlackCrusaderUIscreenshot01-1920x1080_22.asset using Guid(41568f257bee23143bc1026cb13ca981) Importer(815301076,1909f56bfc062723c751e8b465ee728b)  -> (artifact id: 'f94f328016d05329b6ad3921f455b9fc') in 0.238680 seconds
  Import took 0.285589 seconds .

========================================================================
Received Import Request.
  Time since last request: 0.001023 seconds.
  path: Assets/Palette/Tails/BlackCrusaderUIscreenshot01-1920x1080_11.asset
  artifactKey: Guid(2c38446290971654cb647a4d3bee7f2e) Importer(815301076,1909f56bfc062723c751e8b465ee728b)
Start importing Assets/Palette/Tails/BlackCrusaderUIscreenshot01-1920x1080_11.asset using Guid(2c38446290971654cb647a4d3bee7f2e) Importer(815301076,1909f56bfc062723c751e8b465ee728b)  -> (artifact id: 'd563bd9d2b219b46f214fbd46c4aa923') in 0.105627 seconds
  Import took 0.655846 seconds .

========================================================================
Received Import Request.
  Time since last request: 0.000886 seconds.
  path: Assets/Palette/Tails/BlackCrusaderUIscreenshot01-1920x1080_30.asset
  artifactKey: Guid(c52f30f667fa9ab46b620dd10df250a5) Importer(815301076,1909f56bfc062723c751e8b465ee728b)
Start importing Assets/Palette/Tails/BlackCrusaderUIscreenshot01-1920x1080_30.asset using Guid(c52f30f667fa9ab46b620dd10df250a5) Importer(815301076,1909f56bfc062723c751e8b465ee728b)  -> (artifact id: '3aabcdcb80aec8ddc9ebc60496d79471') in 0.445247 seconds
  Import took 0.681719 seconds .

========================================================================
Received Import Request.
  Time since last request: 0.031985 seconds.
  path: Assets/Palette/Tails/BlackCrusaderUIscreenshot01-1920x1080_18.asset
  artifactKey: Guid(9428ac09a2f7ac64fb219962be95deb9) Importer(815301076,1909f56bfc062723c751e8b465ee728b)
Start importing Assets/Palette/Tails/BlackCrusaderUIscreenshot01-1920x1080_18.asset using Guid(9428ac09a2f7ac64fb219962be95deb9) Importer(815301076,1909f56bfc062723c751e8b465ee728b)  -> (artifact id: '407433ebb6f7936ee486fd42252d3295') in 0.312261 seconds
  Import took 0.400570 seconds .

========================================================================
Received Import Request.
  Time since last request: 0.003410 seconds.
  path: Assets/Palette/Tails/BlackCrusaderUIscreenshot01-1920x1080_6.asset
  artifactKey: Guid(8a598c6ebe032174fa1ca994cce47df1) Importer(815301076,1909f56bfc062723c751e8b465ee728b)
Start importing Assets/Palette/Tails/BlackCrusaderUIscreenshot01-1920x1080_6.asset using Guid(8a598c6ebe032174fa1ca994cce47df1) Importer(815301076,1909f56bfc062723c751e8b465ee728b)  -> (artifact id: '2b430d1063465c360d87c6d374436442') in 0.284348 seconds
  Import took 0.499969 seconds .

========================================================================
Received Import Request.
  Time since last request: 0.000799 seconds.
  path: Assets/Palette/Tails/BlackCrusaderUIscreenshot01-1920x1080_31.asset
  artifactKey: Guid(c8a0483ac566f4d49a0548b0a128078b) Importer(815301076,1909f56bfc062723c751e8b465ee728b)
Start importing Assets/Palette/Tails/BlackCrusaderUIscreenshot01-1920x1080_31.asset using Guid(c8a0483ac566f4d49a0548b0a128078b) Importer(815301076,1909f56bfc062723c751e8b465ee728b)  -> (artifact id: 'b522a60b410d15939bf66fae41efacf6') in 0.573432 seconds
  Import took 0.602936 seconds .

========================================================================
Received Import Request.
  Time since last request: 0.000506 seconds.
  path: Assets/Palette/Tails/BlackCrusaderUIscreenshot01-1920x1080_3.asset
  artifactKey: Guid(6d2cee74c1204764e8324677178a6026) Importer(815301076,1909f56bfc062723c751e8b465ee728b)
Start importing Assets/Palette/Tails/BlackCrusaderUIscreenshot01-1920x1080_3.asset using Guid(6d2cee74c1204764e8324677178a6026) Importer(815301076,1909f56bfc062723c751e8b465ee728b)  -> (artifact id: 'aba6425970623273548b9e2506bdd103') in 0.235704 seconds
  Import took 0.966016 seconds .

========================================================================
Received Import Request.
  Time since last request: 0.000755 seconds.
  path: Assets/Palette/Tails/BlackCrusaderUIscreenshot01-1920x1080_34.asset
  artifactKey: Guid(2079499ae02fd9645913f0667e4f1f18) Importer(815301076,1909f56bfc062723c751e8b465ee728b)
Start importing Assets/Palette/Tails/BlackCrusaderUIscreenshot01-1920x1080_34.asset using Guid(2079499ae02fd9645913f0667e4f1f18) Importer(815301076,1909f56bfc062723c751e8b465ee728b)  -> (artifact id: '070b3b87ac282d62f2b39445bfabc56f') in 0.137926 seconds
  Import took 0.163250 seconds .

========================================================================
Received Import Request.
  Time since last request: 0.000707 seconds.
  path: Assets/Palette/Tails/BlackCrusaderUIscreenshot01-1920x1080_2.asset
  artifactKey: Guid(e43e0a8c09b51da4f9d272e5ed47dfe8) Importer(815301076,1909f56bfc062723c751e8b465ee728b)
Start importing Assets/Palette/Tails/BlackCrusaderUIscreenshot01-1920x1080_2.asset using Guid(e43e0a8c09b51da4f9d272e5ed47dfe8) Importer(815301076,1909f56bfc062723c751e8b465ee728b)  -> (artifact id: '843b5866a4c209eb48e076b3ecfa026f') in 0.366784 seconds
  Import took 0.397062 seconds .

========================================================================
Received Import Request.
  Time since last request: 0.006690 seconds.
  path: Assets/Palette/Tails/BlackCrusaderUIscreenshot01-1920x1080_20.asset
  artifactKey: Guid(cb324bd03653c8a4c9edcc38115a733d) Importer(815301076,1909f56bfc062723c751e8b465ee728b)
Start importing Assets/Palette/Tails/BlackCrusaderUIscreenshot01-1920x1080_20.asset using Guid(cb324bd03653c8a4c9edcc38115a733d) Importer(815301076,1909f56bfc062723c751e8b465ee728b)  -> (artifact id: '3c15b65950875862e12b98fc2dca2de0') in 0.219464 seconds
  Import took 0.627908 seconds .

========================================================================
Received Import Request.
  Time since last request: 0.001454 seconds.
  path: Assets/Palette/Tails/BlackCrusaderUIscreenshot01-1920x1080_7.asset
  artifactKey: Guid(57232e0700aa0bf4a932df79db8bfec9) Importer(815301076,1909f56bfc062723c751e8b465ee728b)
Start importing Assets/Palette/Tails/BlackCrusaderUIscreenshot01-1920x1080_7.asset using Guid(57232e0700aa0bf4a932df79db8bfec9) Importer(815301076,1909f56bfc062723c751e8b465ee728b)  -> (artifact id: 'f6a006483f7a451101bcd631c369f4e2') in 0.200974 seconds
  Import took 0.282554 seconds .

========================================================================
Received Import Request.
  Time since last request: 0.000864 seconds.
  path: Assets/Palette/Tails/BlackCrusaderUIscreenshot01-1920x1080_24.asset
  artifactKey: Guid(9367ec12d50504c40a4adf37a7653fd6) Importer(815301076,1909f56bfc062723c751e8b465ee728b)
Start importing Assets/Palette/Tails/BlackCrusaderUIscreenshot01-1920x1080_24.asset using Guid(9367ec12d50504c40a4adf37a7653fd6) Importer(815301076,1909f56bfc062723c751e8b465ee728b)  -> (artifact id: '43a4d8322a03be291f8f5a7c69369128') in 0.108496 seconds
  Import took 0.296792 seconds .

========================================================================
Received Import Request.
  Time since last request: 0.001086 seconds.
  path: Assets/Palette/Tails/BlackCrusaderUIscreenshot01-1920x1080_35.asset
  artifactKey: Guid(8d4258294e67b80448a9a36d648fa4be) Importer(815301076,1909f56bfc062723c751e8b465ee728b)
Start importing Assets/Palette/Tails/BlackCrusaderUIscreenshot01-1920x1080_35.asset using Guid(8d4258294e67b80448a9a36d648fa4be) Importer(815301076,1909f56bfc062723c751e8b465ee728b)  -> (artifact id: '973ff363aa8aa58c8658adca9e9856a8') in 0.081397 seconds
  Import took 0.288201 seconds .

========================================================================
Received Import Request.
  Time since last request: 0.001373 seconds.
  path: Assets/Palette/Tails/BlackCrusaderUIscreenshot01-1920x1080_21.asset
  artifactKey: Guid(2e2d812f27493834fa87ef2d5268c87d) Importer(815301076,1909f56bfc062723c751e8b465ee728b)
Start importing Assets/Palette/Tails/BlackCrusaderUIscreenshot01-1920x1080_21.asset using Guid(2e2d812f27493834fa87ef2d5268c87d) Importer(815301076,1909f56bfc062723c751e8b465ee728b)  -> (artifact id: 'b7a2bad7614baa480f356d49e1207984') in 0.106442 seconds
  Import took 0.124701 seconds .

========================================================================
Received Import Request.
  Time since last request: 0.000672 seconds.
  path: Assets/Palette/Tails/BlackCrusaderUIscreenshot01-1920x1080_9.asset
  artifactKey: Guid(d4b8523b6e1b28a49b9a4bf3550ab413) Importer(815301076,1909f56bfc062723c751e8b465ee728b)
Start importing Assets/Palette/Tails/BlackCrusaderUIscreenshot01-1920x1080_9.asset using Guid(d4b8523b6e1b28a49b9a4bf3550ab413) Importer(815301076,1909f56bfc062723c751e8b465ee728b)  -> (artifact id: 'd4ce7a483c6c7f5fa2dc2250c467a769') in 0.289357 seconds
  Import took 0.443631 seconds .

========================================================================
Received Import Request.
  Time since last request: 0.030305 seconds.
  path: Assets/Palette/Tails/BlackCrusaderUIscreenshot01-1920x1080_29.asset
  artifactKey: Guid(aaea99e86498afb45affbdf6058903a0) Importer(815301076,1909f56bfc062723c751e8b465ee728b)
Start importing Assets/Palette/Tails/BlackCrusaderUIscreenshot01-1920x1080_29.asset using Guid(aaea99e86498afb45affbdf6058903a0) Importer(815301076,1909f56bfc062723c751e8b465ee728b)  -> (artifact id: '8411959f74382d6d090c231512723494') in 0.201489 seconds
  Import took 0.273152 seconds .

========================================================================
Received Import Request.
  Time since last request: 0.000839 seconds.
  path: Assets/Palette/Tails/BlackCrusaderUIscreenshot01-1920x1080_4.asset
  artifactKey: Guid(358bb771d1fc90a45b73edec86a25f02) Importer(815301076,1909f56bfc062723c751e8b465ee728b)
Start importing Assets/Palette/Tails/BlackCrusaderUIscreenshot01-1920x1080_4.asset using Guid(358bb771d1fc90a45b73edec86a25f02) Importer(815301076,1909f56bfc062723c751e8b465ee728b)  -> (artifact id: '26aaeb9457539eebcf1e49c986184679') in 0.167766 seconds
  Import took 0.338226 seconds .

========================================================================
Received Import Request.
  Time since last request: 0.003268 seconds.
  path: Assets/Palette/Tails/BlackCrusaderUIscreenshot01-1920x1080_27.asset
  artifactKey: Guid(287fc5182ae1d2340b875a9e4565dd12) Importer(815301076,1909f56bfc062723c751e8b465ee728b)
Start importing Assets/Palette/Tails/BlackCrusaderUIscreenshot01-1920x1080_27.asset using Guid(287fc5182ae1d2340b875a9e4565dd12) Importer(815301076,1909f56bfc062723c751e8b465ee728b)  -> (artifact id: 'a4af4c7038a70923e0c1904b6a7c6e4b') in 0.153159 seconds
  Import took 0.304468 seconds .

========================================================================
Received Import Request.
  Time since last request: 0.013221 seconds.
  path: Assets/Palette/Tails/BlackCrusaderUIscreenshot01-1920x1080_28.asset
  artifactKey: Guid(a87c7c047bc458949a1de82c709db1dc) Importer(815301076,1909f56bfc062723c751e8b465ee728b)
Start importing Assets/Palette/Tails/BlackCrusaderUIscreenshot01-1920x1080_28.asset using Guid(a87c7c047bc458949a1de82c709db1dc) Importer(815301076,1909f56bfc062723c751e8b465ee728b)  -> (artifact id: 'ec0eb9b8cd007ce28269b8508545a0a3') in 0.250285 seconds
  Import took 0.452853 seconds .

========================================================================
Received Import Request.
  Time since last request: 0.001333 seconds.
  path: Assets/Palette/Tails/BlackCrusaderUIscreenshot01-1920x1080_13.asset
  artifactKey: Guid(2b53b859656497642a0865c9fa30246d) Importer(815301076,1909f56bfc062723c751e8b465ee728b)
Start importing Assets/Palette/Tails/BlackCrusaderUIscreenshot01-1920x1080_13.asset using Guid(2b53b859656497642a0865c9fa30246d) Importer(815301076,1909f56bfc062723c751e8b465ee728b)  -> (artifact id: 'aedf035f01ed0a853a441aa7ac714062') in 0.078581 seconds
  Import took 0.122670 seconds .

========================================================================
Received Import Request.
  Time since last request: 0.000501 seconds.
  path: Assets/Palette/Tails/BlackCrusaderUIscreenshot01-1920x1080_10.asset
  artifactKey: Guid(994df8a90903a5440adce7ab1e913efe) Importer(815301076,1909f56bfc062723c751e8b465ee728b)
Start importing Assets/Palette/Tails/BlackCrusaderUIscreenshot01-1920x1080_10.asset using Guid(994df8a90903a5440adce7ab1e913efe) Importer(815301076,1909f56bfc062723c751e8b465ee728b)  -> (artifact id: '6eee6b0dd5864171cbc3fdec62be043b') in 0.133342 seconds
  Import took 0.426930 seconds .

========================================================================
Received Import Request.
  Time since last request: 2870.943245 seconds.
  path: Assets/Scripts/Generator.cs
  artifactKey: Guid(34dcea5d5df787b41950cacee491fd7e) Importer(815301076,1909f56bfc062723c751e8b465ee728b)
Start importing Assets/Scripts/Generator.cs using Guid(34dcea5d5df787b41950cacee491fd7e) Importer(815301076,1909f56bfc062723c751e8b465ee728b)  -> (artifact id: 'f747eceddb438852f376492b626dc77f') in 0.183671 seconds
  Import took 0.241092 seconds .

========================================================================
Received Prepare
Registering precompiled user dll's ...
Registered in 0.847327 seconds.
Begin MonoManager ReloadAssembly
Native extension for LinuxStandalone target not found
Native extension for WindowsStandalone target not found
Native extension for OSXStandalone target not found
Refreshing native plugins compatible for Editor in 1.17 ms, found 1 plugins.
Preloading 0 native plugins for Editor in 0.00 ms.
Mono: successfully reloaded assembly
- Completed reload, in  5.657 seconds
Platform modules already initialized, skipping
Refreshing native plugins compatible for Editor in 0.80 ms, found 1 plugins.
Preloading 0 native plugins for Editor in 0.00 ms.
Unloading 1804 Unused Serialized files (Serialized files now loaded: 0)
System memory in use before: 88.1 MB.
System memory in use after: 88.0 MB.

Unloading 12 unused Assets to reduce memory usage. Loaded Objects now: 2327.
Total: 6.842600 ms (FindLiveObjects: 0.682200 ms CreateObjectMapping: 0.244200 ms MarkObjects: 5.631800 ms  DeleteObjects: 0.279000 ms)

========================================================================
Received Prepare
Registering precompiled user dll's ...
Registered in 0.030495 seconds.
Begin MonoManager ReloadAssembly
Native extension for LinuxStandalone target not found
Native extension for WindowsStandalone target not found
Native extension for OSXStandalone target not found
Refreshing native plugins compatible for Editor in 0.92 ms, found 1 plugins.
Preloading 0 native plugins for Editor in 0.00 ms.
Mono: successfully reloaded assembly
- Completed reload, in  3.133 seconds
Platform modules already initialized, skipping
Refreshing native plugins compatible for Editor in 0.84 ms, found 1 plugins.
Preloading 0 native plugins for Editor in 0.00 ms.
Unloading 1804 Unused Serialized files (Serialized files now loaded: 0)
System memory in use before: 88.1 MB.
System memory in use after: 88.1 MB.

Unloading 12 unused Assets to reduce memory usage. Loaded Objects now: 2331.
Total: 5.389300 ms (FindLiveObjects: 0.520500 ms CreateObjectMapping: 0.266300 ms MarkObjects: 4.274800 ms  DeleteObjects: 0.323800 ms)

========================================================================
Received Import Request.
  Time since last request: 1471.469858 seconds.
  path: Assets/Scripts/Generator.cs
  artifactKey: Guid(34dcea5d5df787b41950cacee491fd7e) Importer(815301076,1909f56bfc062723c751e8b465ee728b)
Start importing Assets/Scripts/Generator.cs using Guid(34dcea5d5df787b41950cacee491fd7e) Importer(815301076,1909f56bfc062723c751e8b465ee728b)  -> (artifact id: 'e7964566fb4aa5e21a30366927811002') in 0.012552 seconds
  Import took 0.027794 seconds .

========================================================================
Received Import Request.
  Time since last request: 475.732235 seconds.
  path: Assets/Scripts/GeneratorLevelController.cs
  artifactKey: Guid(a3f7e4cb03b218d4385077310c2283b4) Importer(815301076,1909f56bfc062723c751e8b465ee728b)
Start importing Assets/Scripts/GeneratorLevelController.cs using Guid(a3f7e4cb03b218d4385077310c2283b4) Importer(815301076,1909f56bfc062723c751e8b465ee728b)  -> (artifact id: '6440bf2291cfbb95d35ce3372d2c2659') in 0.123030 seconds
  Import took 0.381056 seconds .

========================================================================
Received Prepare
Registering precompiled user dll's ...
Registered in 0.002841 seconds.
Begin MonoManager ReloadAssembly
Native extension for LinuxStandalone target not found
Native extension for WindowsStandalone target not found
Native extension for OSXStandalone target not found
Refreshing native plugins compatible for Editor in 0.82 ms, found 1 plugins.
Preloading 0 native plugins for Editor in 0.00 ms.
Mono: successfully reloaded assembly
- Completed reload, in  3.540 seconds
Platform modules already initialized, skipping
Refreshing native plugins compatible for Editor in 0.96 ms, found 1 plugins.
Preloading 0 native plugins for Editor in 0.00 ms.
Unloading 1805 Unused Serialized files (Serialized files now loaded: 0)
System memory in use before: 88.1 MB.
System memory in use after: 88.1 MB.

Unloading 12 unused Assets to reduce memory usage. Loaded Objects now: 2336.
Total: 11.412600 ms (FindLiveObjects: 1.540700 ms CreateObjectMapping: 0.384300 ms MarkObjects: 9.077200 ms  DeleteObjects: 0.403600 ms)

========================================================================
Received Prepare
Registering precompiled user dll's ...
Registered in 0.003391 seconds.
Begin MonoManager ReloadAssembly
Native extension for LinuxStandalone target not found
Native extension for WindowsStandalone target not found
Native extension for OSXStandalone target not found
Refreshing native plugins compatible for Editor in 0.90 ms, found 1 plugins.
Preloading 0 native plugins for Editor in 0.00 ms.
Mono: successfully reloaded assembly
- Completed reload, in  3.190 seconds
Platform modules already initialized, skipping
Refreshing native plugins compatible for Editor in 0.94 ms, found 1 plugins.
Preloading 0 native plugins for Editor in 0.00 ms.
Unloading 1805 Unused Serialized files (Serialized files now loaded: 0)
System memory in use before: 88.2 MB.
System memory in use after: 88.1 MB.

Unloading 12 unused Assets to reduce memory usage. Loaded Objects now: 2340.
Total: 5.098800 ms (FindLiveObjects: 0.508800 ms CreateObjectMapping: 0.128800 ms MarkObjects: 4.089700 ms  DeleteObjects: 0.368300 ms)

========================================================================
Received Import Request.
  Time since last request: 208.879707 seconds.
  path: Assets/Scripts/GeneratorLevelController.cs
  artifactKey: Guid(a3f7e4cb03b218d4385077310c2283b4) Importer(815301076,1909f56bfc062723c751e8b465ee728b)
Start importing Assets/Scripts/GeneratorLevelController.cs using Guid(a3f7e4cb03b218d4385077310c2283b4) Importer(815301076,1909f56bfc062723c751e8b465ee728b)  -> (artifact id: '0ce0bc0f17d000d5a5ed21b0a0154fe7') in 0.011483 seconds
  Import took 0.153863 seconds .

========================================================================
Received Import Request.
  Time since last request: 44.962073 seconds.
  path: Assets/Scripts/GenerateLevelView.cs
  artifactKey: Guid(baf8a61fd882bb54d93fdfe431d29c08) Importer(815301076,1909f56bfc062723c751e8b465ee728b)
Start importing Assets/Scripts/GenerateLevelView.cs using Guid(baf8a61fd882bb54d93fdfe431d29c08) Importer(815301076,1909f56bfc062723c751e8b465ee728b)  -> (artifact id: '22ad1670b754d791ab2798b206d08089') in 0.015181 seconds
  Import took 0.055260 seconds .

========================================================================
Received Prepare
Registering precompiled user dll's ...
Registered in 0.005475 seconds.
Begin MonoManager ReloadAssembly
Native extension for LinuxStandalone target not found
Native extension for WindowsStandalone target not found
Native extension for OSXStandalone target not found
Refreshing native plugins compatible for Editor in 0.95 ms, found 1 plugins.
Preloading 0 native plugins for Editor in 0.00 ms.
Mono: successfully reloaded assembly
- Completed reload, in  2.889 seconds
Platform modules already initialized, skipping
Refreshing native plugins compatible for Editor in 0.84 ms, found 1 plugins.
Preloading 0 native plugins for Editor in 0.00 ms.
Unloading 1806 Unused Serialized files (Serialized files now loaded: 0)
System memory in use before: 88.2 MB.
System memory in use after: 88.2 MB.

Unloading 12 unused Assets to reduce memory usage. Loaded Objects now: 2345.
Total: 5.454300 ms (FindLiveObjects: 0.497300 ms CreateObjectMapping: 0.120000 ms MarkObjects: 4.554900 ms  DeleteObjects: 0.279200 ms)

========================================================================
Received Prepare
Registering precompiled user dll's ...
Registered in 0.007994 seconds.
Begin MonoManager ReloadAssembly
Native extension for LinuxStandalone target not found
Native extension for WindowsStandalone target not found
Native extension for OSXStandalone target not found
Refreshing native plugins compatible for Editor in 1.21 ms, found 1 plugins.
Preloading 0 native plugins for Editor in 0.00 ms.
Mono: successfully reloaded assembly
- Completed reload, in 45.751 seconds
Platform modules already initialized, skipping
Refreshing native plugins compatible for Editor in 1.08 ms, found 1 plugins.
Preloading 0 native plugins for Editor in 0.00 ms.
Unloading 1805 Unused Serialized files (Serialized files now loaded: 0)
System memory in use before: 88.2 MB.
System memory in use after: 88.1 MB.

Unloading 12 unused Assets to reduce memory usage. Loaded Objects now: 2348.
Total: 6.309300 ms (FindLiveObjects: 0.711100 ms CreateObjectMapping: 0.265100 ms MarkObjects: 4.935500 ms  DeleteObjects: 0.392700 ms)

========================================================================
Received Prepare
Registering precompiled user dll's ...
Registered in 0.003613 seconds.
Begin MonoManager ReloadAssembly
Native extension for LinuxStandalone target not found
Native extension for WindowsStandalone target not found
Native extension for OSXStandalone target not found
Refreshing native plugins compatible for Editor in 1.71 ms, found 1 plugins.
Preloading 0 native plugins for Editor in 0.00 ms.
Mono: successfully reloaded assembly
- Completed reload, in  8.484 seconds
Platform modules already initialized, skipping
Refreshing native plugins compatible for Editor in 1.53 ms, found 1 plugins.
Preloading 0 native plugins for Editor in 0.00 ms.
Unloading 1805 Unused Serialized files (Serialized files now loaded: 0)
System memory in use before: 88.2 MB.
System memory in use after: 88.2 MB.

Unloading 12 unused Assets to reduce memory usage. Loaded Objects now: 2352.
Total: 6.964000 ms (FindLiveObjects: 0.708000 ms CreateObjectMapping: 0.203000 ms MarkObjects: 5.703300 ms  DeleteObjects: 0.345600 ms)

========================================================================
Received Import Request.
  Time since last request: 324.622791 seconds.
  path: Assets/Scripts/GeneratorLevelController.cs
  artifactKey: Guid(a3f7e4cb03b218d4385077310c2283b4) Importer(815301076,1909f56bfc062723c751e8b465ee728b)
Start importing Assets/Scripts/GeneratorLevelController.cs using Guid(a3f7e4cb03b218d4385077310c2283b4) Importer(815301076,1909f56bfc062723c751e8b465ee728b)  -> (artifact id: 'cd2e4476d33e8d5be70fd4c1e3752271') in 0.209457 seconds
  Import took 0.254151 seconds .

========================================================================
Received Import Request.
  Time since last request: 0.000644 seconds.
  path: Assets/Scripts/GenerateLevelView.cs
  artifactKey: Guid(baf8a61fd882bb54d93fdfe431d29c08) Importer(815301076,1909f56bfc062723c751e8b465ee728b)
Start importing Assets/Scripts/GenerateLevelView.cs using Guid(baf8a61fd882bb54d93fdfe431d29c08) Importer(815301076,1909f56bfc062723c751e8b465ee728b)  -> (artifact id: 'fb976aab8604829c4e2ef9710760c941') in 0.242488 seconds
  Import took 0.352021 seconds .

========================================================================
Received Prepare
Registering precompiled user dll's ...
Registered in 0.034017 seconds.
Begin MonoManager ReloadAssembly
Native extension for LinuxStandalone target not found
Native extension for WindowsStandalone target not found
Native extension for OSXStandalone target not found
Refreshing native plugins compatible for Editor in 1.13 ms, found 1 plugins.
Preloading 0 native plugins for Editor in 0.00 ms.
Mono: successfully reloaded assembly
- Completed reload, in  8.117 seconds
Platform modules already initialized, skipping
Refreshing native plugins compatible for Editor in 1.15 ms, found 1 plugins.
Preloading 0 native plugins for Editor in 0.00 ms.
Unloading 1805 Unused Serialized files (Serialized files now loaded: 0)
System memory in use before: 88.2 MB.
System memory in use after: 88.2 MB.

Unloading 12 unused Assets to reduce memory usage. Loaded Objects now: 2356.
Total: 8.229200 ms (FindLiveObjects: 0.643500 ms CreateObjectMapping: 0.213100 ms MarkObjects: 6.711700 ms  DeleteObjects: 0.656200 ms)

========================================================================
Received Import Request.
  Time since last request: 5319.434867 seconds.
  path: Assets/Scripts/GenerateLevelView.cs
  artifactKey: Guid(baf8a61fd882bb54d93fdfe431d29c08) Importer(815301076,1909f56bfc062723c751e8b465ee728b)
Start importing Assets/Scripts/GenerateLevelView.cs using Guid(baf8a61fd882bb54d93fdfe431d29c08) Importer(815301076,1909f56bfc062723c751e8b465ee728b)  -> (artifact id: 'f81752cd392b1ddf333cc2449419fb5a') in 0.029806 seconds
  Import took 0.049168 seconds .

========================================================================
Received Import Request.
  Time since last request: 69.121637 seconds.
  path: Assets/Scripts/GeneratorLevelEditor.cs
  artifactKey: Guid(81fc5381af4f3f744baac81bdf1fd3a5) Importer(815301076,1909f56bfc062723c751e8b465ee728b)
Start importing Assets/Scripts/GeneratorLevelEditor.cs using Guid(81fc5381af4f3f744baac81bdf1fd3a5) Importer(815301076,1909f56bfc062723c751e8b465ee728b)  -> (artifact id: 'a35242339b61b11b44bb04c7bd175fb1') in 0.014903 seconds
  Import took 0.025853 seconds .

========================================================================
Received Prepare
Registering precompiled user dll's ...
Registered in 0.003662 seconds.
Begin MonoManager ReloadAssembly
Native extension for LinuxStandalone target not found
Native extension for WindowsStandalone target not found
Native extension for OSXStandalone target not found
Refreshing native plugins compatible for Editor in 1.76 ms, found 1 plugins.
Preloading 0 native plugins for Editor in 0.00 ms.
Mono: successfully reloaded assembly
- Completed reload, in  2.780 seconds
Platform modules already initialized, skipping
Refreshing native plugins compatible for Editor in 0.87 ms, found 1 plugins.
Preloading 0 native plugins for Editor in 0.00 ms.
Unloading 1806 Unused Serialized files (Serialized files now loaded: 0)
System memory in use before: 88.2 MB.
System memory in use after: 88.2 MB.

Unloading 12 unused Assets to reduce memory usage. Loaded Objects now: 2361.
Total: 5.092800 ms (FindLiveObjects: 0.508100 ms CreateObjectMapping: 0.130400 ms MarkObjects: 4.147800 ms  DeleteObjects: 0.302800 ms)

========================================================================
Received Prepare
Registering precompiled user dll's ...
Registered in 0.020679 seconds.
Begin MonoManager ReloadAssembly
Native extension for LinuxStandalone target not found
Native extension for WindowsStandalone target not found
Native extension for OSXStandalone target not found
Refreshing native plugins compatible for Editor in 1.30 ms, found 1 plugins.
Preloading 0 native plugins for Editor in 0.00 ms.
Mono: successfully reloaded assembly
- Completed reload, in 10.359 seconds
Platform modules already initialized, skipping
Refreshing native plugins compatible for Editor in 1.07 ms, found 1 plugins.
Preloading 0 native plugins for Editor in 0.00 ms.
Unloading 1806 Unused Serialized files (Serialized files now loaded: 0)
System memory in use before: 88.2 MB.
System memory in use after: 88.2 MB.

Unloading 12 unused Assets to reduce memory usage. Loaded Objects now: 2365.
Total: 9.900200 ms (FindLiveObjects: 1.131200 ms CreateObjectMapping: 0.845600 ms MarkObjects: 7.470900 ms  DeleteObjects: 0.437200 ms)

========================================================================
Received Prepare
Registering precompiled user dll's ...
Registered in 0.005070 seconds.
Begin MonoManager ReloadAssembly
Native extension for LinuxStandalone target not found
Native extension for WindowsStandalone target not found
Native extension for OSXStandalone target not found
Refreshing native plugins compatible for Editor in 0.96 ms, found 1 plugins.
Preloading 0 native plugins for Editor in 0.00 ms.
Mono: successfully reloaded assembly
- Completed reload, in  4.036 seconds
Platform modules already initialized, skipping
Refreshing native plugins compatible for Editor in 0.82 ms, found 1 plugins.
Preloading 0 native plugins for Editor in 0.00 ms.
Unloading 1806 Unused Serialized files (Serialized files now loaded: 0)
System memory in use before: 88.2 MB.
System memory in use after: 88.2 MB.

Unloading 12 unused Assets to reduce memory usage. Loaded Objects now: 2369.
Total: 5.594600 ms (FindLiveObjects: 0.637200 ms CreateObjectMapping: 0.183500 ms MarkObjects: 4.481800 ms  DeleteObjects: 0.288900 ms)

========================================================================
Received Prepare
Registering precompiled user dll's ...
Registered in 0.002753 seconds.
Begin MonoManager ReloadAssembly
Native extension for LinuxStandalone target not found
Native extension for WindowsStandalone target not found
Native extension for OSXStandalone target not found
Refreshing native plugins compatible for Editor in 0.98 ms, found 1 plugins.
Preloading 0 native plugins for Editor in 0.00 ms.
Mono: successfully reloaded assembly
- Completed reload, in  3.888 seconds
Platform modules already initialized, skipping
Refreshing native plugins compatible for Editor in 0.92 ms, found 1 plugins.
Preloading 0 native plugins for Editor in 0.00 ms.
Unloading 1806 Unused Serialized files (Serialized files now loaded: 0)
System memory in use before: 88.3 MB.
System memory in use after: 88.2 MB.

Unloading 12 unused Assets to reduce memory usage. Loaded Objects now: 2373.
Total: 9.196100 ms (FindLiveObjects: 0.572300 ms CreateObjectMapping: 0.337200 ms MarkObjects: 7.653800 ms  DeleteObjects: 0.627700 ms)

========================================================================
Received Prepare
Registering precompiled user dll's ...
Registered in 0.004179 seconds.
Begin MonoManager ReloadAssembly
Native extension for LinuxStandalone target not found
Native extension for WindowsStandalone target not found
Native extension for OSXStandalone target not found
Refreshing native plugins compatible for Editor in 0.85 ms, found 1 plugins.
Preloading 0 native plugins for Editor in 0.00 ms.
Mono: successfully reloaded assembly
- Completed reload, in  2.760 seconds
Platform modules already initialized, skipping
Refreshing native plugins compatible for Editor in 0.91 ms, found 1 plugins.
Preloading 0 native plugins for Editor in 0.00 ms.
Unloading 1806 Unused Serialized files (Serialized files now loaded: 0)
System memory in use before: 88.3 MB.
System memory in use after: 88.2 MB.

Unloading 12 unused Assets to reduce memory usage. Loaded Objects now: 2377.
Total: 8.060300 ms (FindLiveObjects: 0.491700 ms CreateObjectMapping: 0.125500 ms MarkObjects: 7.034200 ms  DeleteObjects: 0.405600 ms)

========================================================================
Received Prepare
Registering precompiled user dll's ...
Registered in 0.004845 seconds.
Begin MonoManager ReloadAssembly
Native extension for LinuxStandalone target not found
Native extension for WindowsStandalone target not found
Native extension for OSXStandalone target not found
Refreshing native plugins compatible for Editor in 0.89 ms, found 1 plugins.
Preloading 0 native plugins for Editor in 0.00 ms.
Mono: successfully reloaded assembly
- Completed reload, in  3.051 seconds
Platform modules already initialized, skipping
Refreshing native plugins compatible for Editor in 0.89 ms, found 1 plugins.
Preloading 0 native plugins for Editor in 0.00 ms.
Unloading 1806 Unused Serialized files (Serialized files now loaded: 0)
System memory in use before: 88.3 MB.
System memory in use after: 88.2 MB.

Unloading 12 unused Assets to reduce memory usage. Loaded Objects now: 2381.
Total: 4.935800 ms (FindLiveObjects: 0.478800 ms CreateObjectMapping: 0.096000 ms MarkObjects: 4.039800 ms  DeleteObjects: 0.318500 ms)

========================================================================
Received Prepare
Registering precompiled user dll's ...
Registered in 0.002520 seconds.
Begin MonoManager ReloadAssembly
Native extension for LinuxStandalone target not found
Native extension for WindowsStandalone target not found
Native extension for OSXStandalone target not found
Refreshing native plugins compatible for Editor in 1.00 ms, found 1 plugins.
Preloading 0 native plugins for Editor in 0.00 ms.
Mono: successfully reloaded assembly
- Completed reload, in  3.069 seconds
Platform modules already initialized, skipping
Refreshing native plugins compatible for Editor in 0.91 ms, found 1 plugins.
Preloading 0 native plugins for Editor in 0.00 ms.
Unloading 1806 Unused Serialized files (Serialized files now loaded: 0)
System memory in use before: 88.3 MB.
System memory in use after: 88.3 MB.

Unloading 12 unused Assets to reduce memory usage. Loaded Objects now: 2385.
Total: 5.933400 ms (FindLiveObjects: 0.594200 ms CreateObjectMapping: 0.183400 ms MarkObjects: 4.828700 ms  DeleteObjects: 0.322700 ms)

========================================================================
Received Prepare
Registering precompiled user dll's ...
Registered in 0.003794 seconds.
Begin MonoManager ReloadAssembly
Native extension for LinuxStandalone target not found
Native extension for WindowsStandalone target not found
Native extension for OSXStandalone target not found
Refreshing native plugins compatible for Editor in 1.04 ms, found 1 plugins.
Preloading 0 native plugins for Editor in 0.00 ms.
Mono: successfully reloaded assembly
- Completed reload, in  3.119 seconds
Platform modules already initialized, skipping
Refreshing native plugins compatible for Editor in 0.88 ms, found 1 plugins.
Preloading 0 native plugins for Editor in 0.00 ms.
Unloading 1806 Unused Serialized files (Serialized files now loaded: 0)
System memory in use before: 88.3 MB.
System memory in use after: 88.3 MB.

Unloading 12 unused Assets to reduce memory usage. Loaded Objects now: 2389.
Total: 5.367800 ms (FindLiveObjects: 0.562100 ms CreateObjectMapping: 0.162400 ms MarkObjects: 4.329700 ms  DeleteObjects: 0.311000 ms)

========================================================================
Received Prepare
Registering precompiled user dll's ...
Registered in 0.002498 seconds.
Begin MonoManager ReloadAssembly
Native extension for LinuxStandalone target not found
Native extension for WindowsStandalone target not found
Native extension for OSXStandalone target not found
Refreshing native plugins compatible for Editor in 0.97 ms, found 1 plugins.
Preloading 0 native plugins for Editor in 0.00 ms.
Mono: successfully reloaded assembly
- Completed reload, in  2.816 seconds
Platform modules already initialized, skipping
Refreshing native plugins compatible for Editor in 0.92 ms, found 1 plugins.
Preloading 0 native plugins for Editor in 0.00 ms.
Unloading 1806 Unused Serialized files (Serialized files now loaded: 0)
System memory in use before: 88.3 MB.
System memory in use after: 88.3 MB.

Unloading 12 unused Assets to reduce memory usage. Loaded Objects now: 2393.
Total: 5.417300 ms (FindLiveObjects: 0.562000 ms CreateObjectMapping: 0.248500 ms MarkObjects: 4.327600 ms  DeleteObjects: 0.275600 ms)

========================================================================
Received Prepare
Registering precompiled user dll's ...
Registered in 0.007094 seconds.
Begin MonoManager ReloadAssembly
Native extension for LinuxStandalone target not found
Native extension for WindowsStandalone target not found
Native extension for OSXStandalone target not found
Refreshing native plugins compatible for Editor in 1.11 ms, found 1 plugins.
Preloading 0 native plugins for Editor in 0.00 ms.
Mono: successfully reloaded assembly
- Completed reload, in  6.850 seconds
Platform modules already initialized, skipping
Refreshing native plugins compatible for Editor in 1.51 ms, found 1 plugins.
Preloading 0 native plugins for Editor in 0.00 ms.
Unloading 1806 Unused Serialized files (Serialized files now loaded: 0)
System memory in use before: 88.3 MB.
System memory in use after: 88.3 MB.

Unloading 12 unused Assets to reduce memory usage. Loaded Objects now: 2397.
Total: 8.399100 ms (FindLiveObjects: 0.579700 ms CreateObjectMapping: 0.201600 ms MarkObjects: 7.173300 ms  DeleteObjects: 0.438600 ms)

AssetImportWorkerClient::OnTransportError - code=2 error=End of file
